<?xml version="1.0" encoding="UTF-8"?>
<!-- Generated by org.testng.reporters.JUnitReportReporter -->
<testsuite hostname="DESKTOP-7H2MO7P" failures="0" tests="1" name="org.test.Test_runner" time="50.155" errors="0" timestamp="2024-05-19T20:25:47 IST" skipped="0">
  <testcase classname="org.test.Test_runner" name="runScenario" time="50.155"/>
</testsuite> <!-- org.test.Test_runner -->
